<?xml version="1.0" encoding="UTF-8"?>
<testng-results skipped="0" failed="0" total="3" passed="3">
  <reporter-output>
  </reporter-output>
  <suite name="Default suite" duration-ms="55047" started-at="2019-07-06T17:35:52Z" finished-at="2019-07-06T17:36:47Z">
    <groups>
    </groups>
    <test name="Default test" duration-ms="55047" started-at="2019-07-06T17:35:52Z" finished-at="2019-07-06T17:36:47Z">
      <class name="account.setup.CreateAccount">
        <test-method status="PASS" signature="setUp()[pri:0, instance:account.setup.CreateAccount@3ecf72fd]" name="setUp" is-config="true" duration-ms="28816" started-at="2019-07-06T23:05:52Z" finished-at="2019-07-06T23:06:20Z">
          <reporter-output>
          </reporter-output>
        </test-method> <!-- setUp -->
        <test-method status="PASS" signature="signUp()[pri:1, instance:account.setup.CreateAccount@3ecf72fd]" name="signUp" duration-ms="20036" started-at="2019-07-06T23:06:20Z" finished-at="2019-07-06T23:06:41Z">
          <reporter-output>
          </reporter-output>
        </test-method> <!-- signUp -->
        <test-method status="PASS" signature="signOut()[pri:2, instance:account.setup.CreateAccount@3ecf72fd]" name="signOut" duration-ms="2929" started-at="2019-07-06T23:06:41Z" finished-at="2019-07-06T23:06:43Z">
          <reporter-output>
          </reporter-output>
        </test-method> <!-- signOut -->
        <test-method status="PASS" signature="login()[pri:3, instance:account.setup.CreateAccount@3ecf72fd]" name="login" duration-ms="2989" started-at="2019-07-06T23:06:43Z" finished-at="2019-07-06T23:06:46Z">
          <reporter-output>
          </reporter-output>
        </test-method> <!-- login -->
        <test-method status="PASS" signature="afterTest()[pri:0, instance:account.setup.CreateAccount@3ecf72fd]" name="afterTest" is-config="true" duration-ms="262" started-at="2019-07-06T23:06:46Z" finished-at="2019-07-06T23:06:47Z">
          <reporter-output>
          </reporter-output>
        </test-method> <!-- afterTest -->
      </class> <!-- account.setup.CreateAccount -->
    </test> <!-- Default test -->
  </suite> <!-- Default suite -->
</testng-results>
